Arguments: 
  C:\Program Files\nodejs\node.exe C:\Users\AYENI AYODEJI\Desktop\Alt school projects and excercise\url-shortener\server\.yarn\releases\yarn-1.22.19.cjs add typescript

PATH: 
  C:\Users\AYENI AYODEJI\bin;C:\Program Files\Git\mingw64\bin;C:\Program Files\Git\usr\local\bin;C:\Program Files\Git\usr\bin;C:\Program Files\Git\usr\bin;C:\Program Files\Git\mingw64\bin;C:\Program Files\Git\usr\bin;C:\Users\AYENI AYODEJI\bin;C:\Python311\Scripts;C:\Python311;C:\Windows\system32;C:\Windows;C:\Windows\System32\Wbem;C:\Windows\System32\WindowsPowerShell\v1.0;C:\Windows\System32\OpenSSH;C:\Program Files\Git\cmd;C:\HashiCorp\Vagrant\bin;C:\MinGW\bin;C:\ProgramData\chocolatey\bin;C:\Program Files\nodejs;C:\Program Files (x86)\Yarn\bin;C:\Users\AYENI AYODEJI\AppData\Local\Microsoft\WindowsApps;C:\Users\AYENI AYODEJI\AppData\Local\Programs\Microsoft VS Code\bin;C:\Users\AYENI AYODEJI\AppData\Roaming\npm;C:\Users\AYENI AYODEJI\AppData\Local\Yarn\bin;C:\Program Files\Git\usr\bin\vendor_perl;C:\Program Files\Git\usr\bin\core_perl

Yarn version: 
  1.22.19

Node version: 
  18.12.1

Platform: 
  win32 x64

Trace: 
  Error: getaddrinfo EAI_AGAIN registry.yarnpkg.com
      at GetAddrInfoReqWrap.onlookup [as oncomplete] (node:dns:107:26)

npm manifest: 
  {
    "dependencies": {
      "body-parser": "^1.20.2",
      "config": "^3.3.9",
      "cors": "^2.8.5",
      "express": "^4.18.2",
      "mongoose": "^7.1.1",
      "nanoid": "^4.0.2",
      "node-modules": "^0.0.1",
      "yarn": "^1.22.19",
      "yup": "^1.1.1"
    },
    "name": "url-shortener",
    "version": "1.0.0",
    "main": "index.js",
    "devDependencies": {
      "@types/body-parser": "^1.19.2",
      "@types/config": "^3.3.0",
      "@types/express": "^4.17.17",
      "@types/nanoid": "^3.0.0",
      "@types/node": "^20.2.0",
      "@types/yup": "^0.32.0",
      "ts-node": "^10.9.1",
      "typescript": "^5.0.4"
    },
    "scripts": {
      "dev": "nodemon --config nodemon.json src/app.ts"
    },
    "keywords": [],
    "author": "Ayeni Ayodeji Olugbenga",
    "license": "ISC",
    "description": "server or back-end side for url-shortener app",
    "repository": "git+https://github.com/ayeniayodeji2009/url-shortener.git",
    "bugs": {
      "url": "https://github.com/ayeniayodeji2009/url-shortener/issues"
    },
    "homepage": "https://github.com/ayeniayodeji2009/url-shortener#readme"
  }

yarn manifest: 
  No manifest

Lockfile: 
  No lockfile
